<?xml version="1.0" encoding="UTF-8"?>
<!-- Generated by org.testng.reporters.JUnitReportReporter -->
<testsuite hostname="LAPTOP-IL08GQKJ" failures="0" tests="2" name="frameWork.FrameW1" time="0.009" errors="0" timestamp="2022-06-29T19:34:00 CDT" skipped="0">
  <testcase classname="frameWork.FrameW1" name="test2" time="0.001"/>
  <system-out/>
  <testcase classname="frameWork.FrameW1" name="test1" time="0.008"/>
  <system-out/>
</testsuite> <!-- frameWork.FrameW1 -->
