<?xml version="1.0" encoding="UTF-8"?>
<!-- Generated by org.testng.reporters.JUnitReportReporter -->
<testsuite hostname="LAPTOP-IL08GQKJ" failures="0" tests="1" name="frameWork.FrameW2" time="0.001" errors="0" timestamp="2022-06-29T19:34:00 CDT" skipped="0">
  <testcase classname="frameWork.FrameW2" name="Test3" time="0.001"/>
  <system-out/>
</testsuite> <!-- frameWork.FrameW2 -->
