<?xml version="1.0" encoding="UTF-8"?>
<!-- Generated by org.testng.reporters.JUnitReportReporter -->
<testsuite hostname="LAPTOP-IL08GQKJ" failures="0" tests="1" name="TestingFrameWork.ExtentReports.Test1" time="5.821" errors="0" timestamp="2022-07-04T10:33:00 CDT" skipped="0">
  <testcase classname="TestingFrameWork.ExtentReports.Test1" name="InitialDemo" time="5.821"/>
  <system-out/>
</testsuite> <!-- TestingFrameWork.ExtentReports.Test1 -->
