<?xml version="1.0" encoding="UTF-8"?>
<!-- Generated by org.testng.reporters.JUnitReportReporter -->
<testsuite hostname="LAPTOP-IL08GQKJ" failures="0" tests="1" name="TestingFrameWork.ExtentReports.ExtentReportDemo" time="5.508" errors="0" timestamp="2022-07-04T13:14:27 CDT" skipped="0">
  <testcase classname="TestingFrameWork.ExtentReports.ExtentReportDemo" name="InitialDemo" time="5.508"/>
  <system-out/>
</testsuite> <!-- TestingFrameWork.ExtentReports.ExtentReportDemo -->
